0 info it worked if it ends with ok
1 verbose cli [ 'node',
1 verbose cli   '/usr/local/bin/npm',
1 verbose cli   'install',
1 verbose cli   'gulp-auto-load-plugins',
1 verbose cli   '--save-dev' ]
2 info using npm@1.4.28
3 info using node@v0.10.35
4 warn package.json gulp-tasks@0.0.0 No repository field.
5 verbose readDependencies using package.json deps
6 verbose cache add [ 'gulp-auto-load-plugins', null ]
7 verbose cache add name=undefined spec="gulp-auto-load-plugins" args=["gulp-auto-load-plugins",null]
8 verbose parsed url { protocol: null,
8 verbose parsed url   slashes: null,
8 verbose parsed url   auth: null,
8 verbose parsed url   host: null,
8 verbose parsed url   port: null,
8 verbose parsed url   hostname: null,
8 verbose parsed url   hash: null,
8 verbose parsed url   search: null,
8 verbose parsed url   query: null,
8 verbose parsed url   pathname: 'gulp-auto-load-plugins',
8 verbose parsed url   path: 'gulp-auto-load-plugins',
8 verbose parsed url   href: 'gulp-auto-load-plugins' }
9 silly lockFile 2f161b5c-gulp-auto-load-plugins gulp-auto-load-plugins
10 verbose lock gulp-auto-load-plugins /Users/juachava/.npm/2f161b5c-gulp-auto-load-plugins.lock
11 silly lockFile 2f161b5c-gulp-auto-load-plugins gulp-auto-load-plugins
12 silly lockFile 2f161b5c-gulp-auto-load-plugins gulp-auto-load-plugins
13 verbose addNamed [ 'gulp-auto-load-plugins', '' ]
14 verbose addNamed [ null, '*' ]
15 silly lockFile cb6c7d78-gulp-auto-load-plugins gulp-auto-load-plugins@
16 verbose lock gulp-auto-load-plugins@ /Users/juachava/.npm/cb6c7d78-gulp-auto-load-plugins.lock
17 silly addNameRange { name: 'gulp-auto-load-plugins', range: '*', hasData: false }
18 verbose request where is /gulp-auto-load-plugins
19 verbose request registry https://registry.npmjs.org/
20 verbose request id 56530b4397c8d194
21 verbose url raw /gulp-auto-load-plugins
22 verbose url resolving [ 'https://registry.npmjs.org/', './gulp-auto-load-plugins' ]
23 verbose url resolved https://registry.npmjs.org/gulp-auto-load-plugins
24 verbose request where is https://registry.npmjs.org/gulp-auto-load-plugins
25 info trying registry request attempt 1 at 14:30:09
26 http GET https://registry.npmjs.org/gulp-auto-load-plugins
27 http 404 https://registry.npmjs.org/gulp-auto-load-plugins
28 verbose headers { date: 'Mon, 23 Feb 2015 19:30:10 GMT',
28 verbose headers   server: 'CouchDB/1.5.0 (Erlang OTP/R16B03)',
28 verbose headers   'content-type': 'application/json',
28 verbose headers   'cache-control': 'max-age=0',
28 verbose headers   'content-length': '52',
28 verbose headers   'accept-ranges': 'bytes',
28 verbose headers   via: '1.1 varnish',
28 verbose headers   'x-served-by': 'cache-jfk1023-JFK',
28 verbose headers   'x-cache': 'MISS',
28 verbose headers   'x-cache-hits': '0',
28 verbose headers   'x-timer': 'S1424719810.252009,VS0,VE86',
28 verbose headers   'keep-alive': 'timeout=10, max=50',
28 verbose headers   connection: 'Keep-Alive' }
29 silly registry.get cb [ 404,
29 silly registry.get   { date: 'Mon, 23 Feb 2015 19:30:10 GMT',
29 silly registry.get     server: 'CouchDB/1.5.0 (Erlang OTP/R16B03)',
29 silly registry.get     'content-type': 'application/json',
29 silly registry.get     'cache-control': 'max-age=0',
29 silly registry.get     'content-length': '52',
29 silly registry.get     'accept-ranges': 'bytes',
29 silly registry.get     via: '1.1 varnish',
29 silly registry.get     'x-served-by': 'cache-jfk1023-JFK',
29 silly registry.get     'x-cache': 'MISS',
29 silly registry.get     'x-cache-hits': '0',
29 silly registry.get     'x-timer': 'S1424719810.252009,VS0,VE86',
29 silly registry.get     'keep-alive': 'timeout=10, max=50',
29 silly registry.get     connection: 'Keep-Alive' } ]
30 silly lockFile cb6c7d78-gulp-auto-load-plugins gulp-auto-load-plugins@
31 silly lockFile cb6c7d78-gulp-auto-load-plugins gulp-auto-load-plugins@
32 error 404 404 Not Found: gulp-auto-load-plugins
32 error 404
32 error 404 'gulp-auto-load-plugins' is not in the npm registry.
32 error 404 You should bug the author to publish it
32 error 404 It was specified as a dependency of 'gulp-tasks'
32 error 404
32 error 404 Note that you can also install from a
32 error 404 tarball, folder, or http url, or git url.
33 error System Darwin 13.4.0
34 error command "node" "/usr/local/bin/npm" "install" "gulp-auto-load-plugins" "--save-dev"
35 error cwd /Users/juachava/Documents/repositories/gulp-tasks
36 error node -v v0.10.35
37 error npm -v 1.4.28
38 error code E404
39 verbose exit [ 1, true ]
